<?xml version="1.0" encoding="UTF-8"?>
<!-- Generated by org.testng.reporters.JUnitReportReporter -->
<testsuite skipped="0" hostname="Lenovo" name="org.cts.Automate" tests="3" failures="0" timestamp="10 Jan 2021 14:21:52 GMT" time="9.882" errors="0">
  <testcase name="mainMethod1" time="2.411" classname="org.cts.Automate"/>
  <testcase name="mainMethod2" time="2.152" classname="org.cts.Automate"/>
  <testcase name="mainMethod3" time="5.319" classname="org.cts.Automate"/>
</testsuite> <!-- org.cts.Automate -->
